<?xml version="1.0" encoding="UTF-8"?>
<!-- Generated by org.testng.reporters.JUnitXMLReporter -->
<testsuite hostname="MININT-DVTS2IR" ignored="12" name="DFM Login" tests="6" failures="1" timestamp="2021-10-23T08:44:20 IST" time="126.334" errors="0">
  <testcase name="enterUsername" time="0.074" classname="com.ms.dfm.TC_01_Home_Login"/>
  <testcase name="enterPassword" time="0.008" classname="com.ms.dfm.TC_01_Home_Login"/>
  <testcase name="clickSignIn" time="0.007" classname="com.ms.dfm.TC_01_Home_Login"/>
  <testcase name="verifyHomepage" time="28.381" classname="com.ms.dfm.TC_01_Home_Login"/>
  <testcase name="openCases" time="25.507" classname="com.ms.dfm.TC_02_CollectCaseStatusAndSeverity"/>
  <testcase name="getLatestCaseNotes" time="53.317" classname="com.ms.dfm.TC_03_GetCaseLogs">
    <failure type="java.lang.IllegalArgumentException" message="The maximum length of cell contents (text) is 32767 characters">
      <![CDATA[java.lang.IllegalArgumentException: The maximum length of cell contents (text) is 32767 characters
at org.apache.poi.ss.usermodel.CellBase.checkLength(CellBase.java:293)
at org.apache.poi.ss.usermodel.CellBase.setCellValue(CellBase.java:274)
at com.ms.readFiles.writeDFMExcel.writeCaseNotes(writeDFMExcel.java:359)
at com.ms.dfm.modules.getCaseNotes.caseNotes(getCaseNotes.java:86)
at com.ms.dfm.TC_03_GetCaseLogs.getLatestCaseNotes(TC_03_GetCaseLogs.java:39)
at java.util.ArrayList.forEach(ArrayList.java:1259)
... Removed 27 stack frames]]>
    </failure>
  </testcase> <!-- getLatestCaseNotes -->
  <testcase name="@AfterSuite closeReporter" time="0.0" classname="com.ms.dfm.utils.listeners.GenerateReport">
    <ignored/>
  </testcase> <!-- @AfterSuite closeReporter -->
  <testcase name="@AfterSuite closeReporter" time="0.0" classname="com.ms.dfm.utils.listeners.GenerateReport">
    <ignored/>
  </testcase> <!-- @AfterSuite closeReporter -->
  <testcase name="@AfterSuite Finish" time="0.0" classname="com.ms.readFiles.CleanupExcel">
    <ignored/>
  </testcase> <!-- @AfterSuite Finish -->
  <testcase name="@AfterSuite Finish" time="0.0" classname="com.ms.readFiles.CleanupExcel">
    <ignored/>
  </testcase> <!-- @AfterSuite Finish -->
  <testcase name="@AfterTest closeBrowser" time="0.0" classname="com.ms.dfm.modules.setupAndTearDown">
    <ignored/>
  </testcase> <!-- @AfterTest closeBrowser -->
  <testcase name="@AfterTest closeBrowser" time="0.0" classname="com.ms.dfm.modules.setupAndTearDown">
    <ignored/>
  </testcase> <!-- @AfterTest closeBrowser -->
  <testcase name="@BeforeSuite Cleanup" time="0.0" classname="com.ms.readFiles.CleanupExcel">
    <ignored/>
  </testcase> <!-- @BeforeSuite Cleanup -->
  <testcase name="@BeforeSuite Cleanup" time="0.0" classname="com.ms.readFiles.CleanupExcel">
    <ignored/>
  </testcase> <!-- @BeforeSuite Cleanup -->
  <testcase name="@BeforeTest choseBrowser" time="0.0" classname="com.ms.dfm.modules.setupAndTearDown">
    <ignored/>
  </testcase> <!-- @BeforeTest choseBrowser -->
  <testcase name="@BeforeTest choseBrowser" time="0.0" classname="com.ms.dfm.modules.setupAndTearDown">
    <ignored/>
  </testcase> <!-- @BeforeTest choseBrowser -->
  <testcase name="@BeforeSuite initiateReporter" time="0.0" classname="com.ms.dfm.utils.listeners.GenerateReport">
    <ignored/>
  </testcase> <!-- @BeforeSuite initiateReporter -->
  <testcase name="@BeforeSuite initiateReporter" time="0.0" classname="com.ms.dfm.utils.listeners.GenerateReport">
    <ignored/>
  </testcase> <!-- @BeforeSuite initiateReporter -->
</testsuite> <!-- DFM Login -->
