<?xml version="1.0" encoding="UTF-8"?>
<!-- Generated by org.testng.reporters.JUnitXMLReporter -->
<testsuite ignored="0" hostname="MININT-DVTS2IR" failures="0" tests="4" name="Default test" time="11.351" errors="0" timestamp="2021-12-22T00:03:19 IST">
  <testcase classname="StepDefinitions.loginDemo" name="launchBrowser" time="8.642"/>
  <testcase classname="StepDefinitions.loginDemo" name="enterUrl" time="1.807"/>
  <testcase classname="StepDefinitions.loginDemo" name="verifyHomepage" time="0.195"/>
  <testcase classname="StepDefinitions.loginDemo" name="verifyTheCollection" time="0.366"/>
</testsuite> <!-- Default test -->
