<?xml version="1.0" encoding="UTF-8"?>
<!-- Generated by org.testng.reporters.JUnitXMLReporter -->
<testsuite hostname="MININT-DVTS2IR" ignored="0" name="Close the Cases" tests="4" failures="4" timestamp="2021-05-08T21:27:36 IST" time="0.016" errors="0">
  <testcase name="openCases" time="0.001" classname="com.ms.dfm.TC_02_CollectCaseStatusAndSeverity">
    <failure type="java.lang.IllegalArgumentException" message="Input must be set">
      <![CDATA[java.lang.IllegalArgumentException: Input must be set
at org.openqa.selenium.internal.Require.nonNull(Require.java:56)
at org.openqa.selenium.support.ui.FluentWait.<init>(FluentWait.java:97)
at org.openqa.selenium.support.ui.WebDriverWait.<init>(WebDriverWait.java:128)
at org.openqa.selenium.support.ui.WebDriverWait.<init>(WebDriverWait.java:61)
at com.ms.dfm.TC_02_CollectCaseStatusAndSeverity.openCases(TC_02_CollectCaseStatusAndSeverity.java:30)
at java.util.ArrayList.forEach(Unknown Source)
... Removed 27 stack frames]]>
    </failure>
  </testcase> <!-- openCases -->
  <testcase name="getLatestCaseNotes" time="0.001" classname="com.ms.dfm.TC_03_GetCaseLogs">
    <failure type="java.lang.IllegalArgumentException" message="Input must be set">
      <![CDATA[java.lang.IllegalArgumentException: Input must be set
at org.openqa.selenium.internal.Require.nonNull(Require.java:56)
at org.openqa.selenium.support.ui.FluentWait.<init>(FluentWait.java:97)
at org.openqa.selenium.support.ui.WebDriverWait.<init>(WebDriverWait.java:128)
at org.openqa.selenium.support.ui.WebDriverWait.<init>(WebDriverWait.java:61)
at com.ms.dfm.TC_03_GetCaseLogs.getLatestCaseNotes(TC_03_GetCaseLogs.java:29)
at java.util.ArrayList.forEach(Unknown Source)
... Removed 27 stack frames]]>
    </failure>
  </testcase> <!-- getLatestCaseNotes -->
  <testcase name="createMails" time="0.006" classname="com.ms.dfm.TC_04_SendMail">
    <failure type="java.lang.IllegalArgumentException" message="Driver must be set">
      <![CDATA[java.lang.IllegalArgumentException: Driver must be set
at org.openqa.selenium.internal.Require.nonNull(Require.java:56)
at org.openqa.selenium.interactions.Actions.<init>(Actions.java:67)
at com.ms.dfm.TC_04_SendMail.createMails(TC_04_SendMail.java:26)
at java.util.ArrayList.forEach(Unknown Source)
... Removed 27 stack frames]]>
    </failure>
  </testcase> <!-- createMails -->
  <testcase name="closeCase" time="0.001" classname="com.ms.dfm.TC_05_CaseClosure">
    <failure type="java.lang.Error" message="Unresolved compilation problems: 
	Cannot make a static reference to the non-static field driver
	Cannot make a static reference to the non-static field driver
	Cannot make a static reference to the non-static field driver
	Cannot make a static reference to the non-static field driver
	Cannot make a static reference to the non-static field driver
	Cannot make a static reference to the non-static field driver
	Cannot make a static reference to the non-static field driver
	Cannot make a static reference to the non-static field driver
	Cannot make a static reference to the non-static field driver
	Cannot make a static reference to the non-static field driver
	Cannot make a static reference to the non-static field driver
	Cannot make a static reference to the non-static field driver
	Cannot make a static reference to the non-static field driver
	Cannot make a static reference to the non-static field driver
	Cannot make a static reference to the non-static field driver
	Cannot make a static reference to the non-static field driver
	Cannot make a static reference to the non-static field driver
">
      <![CDATA[java.lang.Error: Unresolved compilation problems: 
Cannot make a static reference to the non-static field driver
Cannot make a static reference to the non-static field driver
Cannot make a static reference to the non-static field driver
Cannot make a static reference to the non-static field driver
Cannot make a static reference to the non-static field driver
Cannot make a static reference to the non-static field driver
Cannot make a static reference to the non-static field driver
Cannot make a static reference to the non-static field driver
Cannot make a static reference to the non-static field driver
Cannot make a static reference to the non-static field driver
Cannot make a static reference to the non-static field driver
Cannot make a static reference to the non-static field driver
Cannot make a static reference to the non-static field driver
Cannot make a static reference to the non-static field driver
Cannot make a static reference to the non-static field driver
Cannot make a static reference to the non-static field driver
Cannot make a static reference to the non-static field driver

at com.ms.dfm.TC_05_CaseClosure.closeCase(TC_05_CaseClosure.java:22)
at java.util.ArrayList.forEach(Unknown Source)
... Removed 27 stack frames]]>
    </failure>
  </testcase> <!-- closeCase -->
</testsuite> <!-- Close the Cases -->
