<?xml version="1.0" encoding="UTF-8"?>
<!-- Generated by org.testng.reporters.JUnitXMLReporter -->
<testsuite hostname="MININT-DVTS2IR" ignored="0" name="Collect Case Status And Severity" tests="1" failures="1" timestamp="2021-05-08T21:27:36 IST" time="0.007" errors="0">
  <testcase name="openCases" time="0.002" classname="com.ms.dfm.TC_02_CollectCaseStatusAndSeverity">
    <failure type="java.lang.IllegalArgumentException" message="Input must be set">
      <![CDATA[java.lang.IllegalArgumentException: Input must be set
at org.openqa.selenium.internal.Require.nonNull(Require.java:56)
at org.openqa.selenium.support.ui.FluentWait.<init>(FluentWait.java:97)
at org.openqa.selenium.support.ui.WebDriverWait.<init>(WebDriverWait.java:128)
at org.openqa.selenium.support.ui.WebDriverWait.<init>(WebDriverWait.java:61)
at com.ms.dfm.TC_02_CollectCaseStatusAndSeverity.openCases(TC_02_CollectCaseStatusAndSeverity.java:30)
at java.util.ArrayList.forEach(Unknown Source)
... Removed 27 stack frames]]>
    </failure>
  </testcase> <!-- openCases -->
</testsuite> <!-- Collect Case Status And Severity -->
