<?xml version="1.0" encoding="UTF-8"?>
<testng-results ignored="0" total="4" passed="4" failed="0" skipped="0">
  <reporter-output>
  </reporter-output>
  <suite started-at="2021-12-22T00:03:07 IST" name="Default suite" finished-at="2021-12-22T00:03:19 IST" duration-ms="11351">
    <groups>
    </groups>
    <test started-at="2021-12-22T00:03:07 IST" name="Default test" finished-at="2021-12-22T00:03:19 IST" duration-ms="11351">
      <class name="StepDefinitions.loginDemo">
        <test-method signature="launchBrowser()[pri:1, instance:StepDefinitions.loginDemo@64bce832]" started-at="2021-12-22T00:03:08 IST" name="launchBrowser" description="Launch the Edge Browser" finished-at="2021-12-22T00:03:16 IST" duration-ms="8642" status="PASS">
          <reporter-output>
          </reporter-output>
        </test-method> <!-- launchBrowser -->
        <test-method signature="enterUrl()[pri:2, instance:StepDefinitions.loginDemo@64bce832]" started-at="2021-12-22T00:03:16 IST" name="enterUrl" description="Enter the TFS URL in the browser" finished-at="2021-12-22T00:03:18 IST" duration-ms="1807" status="PASS">
          <reporter-output>
          </reporter-output>
        </test-method> <!-- enterUrl -->
        <test-method signature="verifyHomepage()[pri:3, instance:StepDefinitions.loginDemo@64bce832]" started-at="2021-12-22T00:03:18 IST" name="verifyHomepage" description="Verify text Azure DevOps is displaed on the homepage" finished-at="2021-12-22T00:03:18 IST" duration-ms="195" status="PASS">
          <reporter-output>
          </reporter-output>
        </test-method> <!-- verifyHomepage -->
        <test-method signature="verifyTheCollection()[pri:4, instance:StepDefinitions.loginDemo@64bce832]" started-at="2021-12-22T00:03:18 IST" name="verifyTheCollection" description="Verify collection name &#039;samrawlab&#039; is also visible" finished-at="2021-12-22T00:03:19 IST" duration-ms="366" status="PASS">
          <reporter-output>
          </reporter-output>
        </test-method> <!-- verifyTheCollection -->
      </class> <!-- StepDefinitions.loginDemo -->
    </test> <!-- Default test -->
  </suite> <!-- Default suite -->
</testng-results>
